<?xml version="1.0" encoding="UTF-8"?>
<testng-results ignored="0" total="7" passed="7" failed="0" skipped="0">
  <reporter-output>
  </reporter-output>
  <suite started-at="2023-03-04T12:55:07 IST" name="Suite" finished-at="2023-03-04T13:00:24 IST" duration-ms="316973">
    <groups>
      <group name="cucumber">
        <method signature="AbstractTestNGCucumberTests.runScenario(io.cucumber.testng.PickleWrapper,io.cucumber.testng.FeatureWrapper)[pri:0, instance:com.testRunner.Leave@43df23d3]" name="runScenario" class="io.cucumber.testng.AbstractTestNGCucumberTests"/>
      </group> <!-- cucumber -->
    </groups>
    <test started-at="2023-03-04T12:55:07 IST" name="Test" finished-at="2023-03-04T13:00:24 IST" duration-ms="316973">
      <class name="com.testRunner.Leave">
        <test-method is-config="true" signature="setUpClass(org.testng.ITestContext)[pri:0, instance:com.testRunner.Leave@43df23d3]" started-at="2023-03-04T12:55:07 IST" name="setUpClass" finished-at="2023-03-04T12:55:07 IST" duration-ms="229" status="PASS">
          <params>
            <param index="0">
              <value>
                <![CDATA[org.testng.TestRunner@54495935]]>
              </value>
            </param>
          </params>
          <reporter-output>
          </reporter-output>
        </test-method> <!-- setUpClass -->
        <test-method signature="runScenario(io.cucumber.testng.PickleWrapper,io.cucumber.testng.FeatureWrapper)[pri:0, instance:com.testRunner.Leave@43df23d3]" started-at="2023-03-04T12:55:07 IST" name="runScenario" description="Runs Cucumber Scenarios" data-provider="scenarios" finished-at="2023-03-04T12:55:59 IST" duration-ms="51904" status="PASS">
          <params>
            <param index="0">
              <value>
                <![CDATA["Search leave list with correct input"]]>
              </value>
            </param>
            <param index="1">
              <value>
                <![CDATA["Leave module functionality"]]>
              </value>
            </param>
          </params>
          <reporter-output>
          </reporter-output>
        </test-method> <!-- runScenario -->
        <test-method signature="runScenario(io.cucumber.testng.PickleWrapper,io.cucumber.testng.FeatureWrapper)[pri:0, instance:com.testRunner.Leave@43df23d3]" started-at="2023-03-04T12:55:59 IST" name="runScenario" description="Runs Cucumber Scenarios" data-provider="scenarios" finished-at="2023-03-04T12:56:43 IST" duration-ms="44113" status="PASS">
          <params>
            <param index="0">
              <value>
                <![CDATA["view the Apply for the leave"]]>
              </value>
            </param>
            <param index="1">
              <value>
                <![CDATA["Leave module functionality"]]>
              </value>
            </param>
          </params>
          <reporter-output>
          </reporter-output>
        </test-method> <!-- runScenario -->
        <test-method signature="runScenario(io.cucumber.testng.PickleWrapper,io.cucumber.testng.FeatureWrapper)[pri:0, instance:com.testRunner.Leave@43df23d3]" started-at="2023-03-04T12:56:43 IST" name="runScenario" description="Runs Cucumber Scenarios" data-provider="scenarios" finished-at="2023-03-04T12:57:33 IST" duration-ms="49810" status="PASS">
          <params>
            <param index="0">
              <value>
                <![CDATA["View my leave"]]>
              </value>
            </param>
            <param index="1">
              <value>
                <![CDATA["Leave module functionality"]]>
              </value>
            </param>
          </params>
          <reporter-output>
          </reporter-output>
        </test-method> <!-- runScenario -->
        <test-method signature="runScenario(io.cucumber.testng.PickleWrapper,io.cucumber.testng.FeatureWrapper)[pri:0, instance:com.testRunner.Leave@43df23d3]" started-at="2023-03-04T12:57:33 IST" name="runScenario" description="Runs Cucumber Scenarios" data-provider="scenarios" finished-at="2023-03-04T12:58:02 IST" duration-ms="29448" status="PASS">
          <params>
            <param index="0">
              <value>
                <![CDATA["View my leave entitlements"]]>
              </value>
            </param>
            <param index="1">
              <value>
                <![CDATA["Leave module functionality"]]>
              </value>
            </param>
          </params>
          <reporter-output>
          </reporter-output>
        </test-method> <!-- runScenario -->
        <test-method signature="runScenario(io.cucumber.testng.PickleWrapper,io.cucumber.testng.FeatureWrapper)[pri:0, instance:com.testRunner.Leave@43df23d3]" started-at="2023-03-04T12:58:02 IST" name="runScenario" description="Runs Cucumber Scenarios" data-provider="scenarios" finished-at="2023-03-04T12:58:49 IST" duration-ms="46127" status="PASS">
          <params>
            <param index="0">
              <value>
                <![CDATA["Add leave entitlements for an employee"]]>
              </value>
            </param>
            <param index="1">
              <value>
                <![CDATA["Leave module functionality"]]>
              </value>
            </param>
          </params>
          <reporter-output>
          </reporter-output>
        </test-method> <!-- runScenario -->
        <test-method signature="runScenario(io.cucumber.testng.PickleWrapper,io.cucumber.testng.FeatureWrapper)[pri:0, instance:com.testRunner.Leave@43df23d3]" started-at="2023-03-04T12:58:49 IST" name="runScenario" description="Runs Cucumber Scenarios" data-provider="scenarios" finished-at="2023-03-04T12:59:32 IST" duration-ms="43378" status="PASS">
          <params>
            <param index="0">
              <value>
                <![CDATA["View leave entitlements for an employeee"]]>
              </value>
            </param>
            <param index="1">
              <value>
                <![CDATA["Leave module functionality"]]>
              </value>
            </param>
          </params>
          <reporter-output>
          </reporter-output>
        </test-method> <!-- runScenario -->
        <test-method signature="runScenario(io.cucumber.testng.PickleWrapper,io.cucumber.testng.FeatureWrapper)[pri:0, instance:com.testRunner.Leave@43df23d3]" started-at="2023-03-04T12:59:32 IST" name="runScenario" description="Runs Cucumber Scenarios" data-provider="scenarios" finished-at="2023-03-04T13:00:24 IST" duration-ms="51909" status="PASS">
          <params>
            <param index="0">
              <value>
                <![CDATA["Assign leave to an employee"]]>
              </value>
            </param>
            <param index="1">
              <value>
                <![CDATA["Leave module functionality"]]>
              </value>
            </param>
          </params>
          <reporter-output>
          </reporter-output>
        </test-method> <!-- runScenario -->
        <test-method is-config="true" signature="tearDownClass()[pri:0, instance:com.testRunner.Leave@43df23d3]" started-at="2023-03-04T13:00:24 IST" name="tearDownClass" finished-at="2023-03-04T13:00:24 IST" duration-ms="8" status="PASS">
          <reporter-output>
          </reporter-output>
        </test-method> <!-- tearDownClass -->
      </class> <!-- com.testRunner.Leave -->
    </test> <!-- Test -->
  </suite> <!-- Suite -->
</testng-results>
